<?xml version="1.0" encoding="UTF-8"?>
<testsuite name="com.inamoo.backend.ApplicationTests" tests="1" skipped="0" failures="0" errors="0" timestamp="2025-07-19T03:14:21.432Z" hostname="AD03140581ui-MacStudio.local" time="0.235">
  <properties/>
  <testcase name="contextLoads()" classname="com.inamoo.backend.ApplicationTests" time="0.235"/>
  <system-out><![CDATA[Standard Commons Logging discovery in action with spring-jcl: please remove commons-logging.jar from classpath in order to avoid potential conflicts
12:14:20.029 [Test worker] INFO org.springframework.test.context.support.AnnotationConfigContextLoaderUtils -- Could not detect default configuration classes for test class [com.inamoo.backend.ApplicationTests]: ApplicationTests does not declare any static, non-private, non-final, nested classes annotated with @Configuration.
12:14:20.060 [Test worker] INFO org.springframework.boot.test.context.SpringBootTestContextBootstrapper -- Found @SpringBootConfiguration com.inamoo.backend.Application for test class com.inamoo.backend.ApplicationTests
  .   ____          _            __ _ _
 /\\ / ___'_ __ _ _(_)_ __  __ _ \ \ \ \
( ( )\___ | '_ | '_| | '_ \/ _` | \ \ \ \
 \\/  ___)| |_)| | | | | || (_| |  ) ) ) )
  '  |____| .__|_| |_|_| |_\__, | / / / /
 =========|_|==============|___/=/_/_/_/

 :: Spring Boot ::                (v3.3.0)

2025-07-19T12:14:20.183+09:00  INFO 16367 --- [    Test worker] com.inamoo.backend.ApplicationTests      : Starting ApplicationTests using Java 17.0.15 with PID 16367 (started by ad03140581 in /Users/ad03140581/VsCodeProjects/inamoo/backend)
2025-07-19T12:14:20.184+09:00  INFO 16367 --- [    Test worker] com.inamoo.backend.ApplicationTests      : No active profile set, falling back to 1 default profile: "default"
2025-07-19T12:14:20.393+09:00  INFO 16367 --- [    Test worker] .s.d.r.c.RepositoryConfigurationDelegate : Bootstrapping Spring Data JPA repositories in DEFAULT mode.
2025-07-19T12:14:20.414+09:00  INFO 16367 --- [    Test worker] .s.d.r.c.RepositoryConfigurationDelegate : Finished Spring Data repository scanning in 18 ms. Found 2 JPA repository interfaces.
2025-07-19T12:14:20.546+09:00  INFO 16367 --- [    Test worker] o.hibernate.jpa.internal.util.LogHelper  : HHH000204: Processing PersistenceUnitInfo [name: default]
2025-07-19T12:14:20.569+09:00  INFO 16367 --- [    Test worker] org.hibernate.Version                    : HHH000412: Hibernate ORM core version 6.5.2.Final
2025-07-19T12:14:20.582+09:00  INFO 16367 --- [    Test worker] o.h.c.internal.RegionFactoryInitiator    : HHH000026: Second-level cache disabled
2025-07-19T12:14:20.684+09:00  INFO 16367 --- [    Test worker] o.s.o.j.p.SpringPersistenceUnitInfo      : No LoadTimeWeaver setup: ignoring JPA class transformer
2025-07-19T12:14:20.693+09:00  INFO 16367 --- [    Test worker] com.zaxxer.hikari.HikariDataSource       : HikariPool-1 - Starting...
2025-07-19T12:14:20.757+09:00  INFO 16367 --- [    Test worker] com.zaxxer.hikari.pool.HikariPool        : HikariPool-1 - Added connection conn0: url=jdbc:h2:mem:testdb user=SA
2025-07-19T12:14:20.757+09:00  INFO 16367 --- [    Test worker] com.zaxxer.hikari.HikariDataSource       : HikariPool-1 - Start completed.
2025-07-19T12:14:20.768+09:00  WARN 16367 --- [    Test worker] org.hibernate.orm.deprecation            : HHH90000025: H2Dialect does not need to be specified explicitly using 'hibernate.dialect' (remove the property setting and it will be selected by default)
2025-07-19T12:14:21.017+09:00  INFO 16367 --- [    Test worker] o.h.e.t.j.p.i.JtaPlatformInitiator       : HHH000489: No JTA platform available (set 'hibernate.transaction.jta.platform' to enable JTA platform integration)
2025-07-19T12:14:21.030+09:00  INFO 16367 --- [    Test worker] j.LocalContainerEntityManagerFactoryBean : Initialized JPA EntityManagerFactory for persistence unit 'default'
2025-07-19T12:14:21.293+09:00  WARN 16367 --- [    Test worker] JpaBaseConfiguration$JpaWebConfiguration : spring.jpa.open-in-view is enabled by default. Therefore, database queries may be performed during view rendering. Explicitly configure spring.jpa.open-in-view to disable this warning
2025-07-19T12:14:21.426+09:00  INFO 16367 --- [    Test worker] com.inamoo.backend.ApplicationTests      : Started ApplicationTests in 1.324 seconds (process running for 1.703)
]]></system-out>
  <system-err><![CDATA[]]></system-err>
</testsuite>
