<?xml version="1.0" encoding="UTF-8"?>
<testsuite name="com.inamoo.backend.presentation.product.ProductControllerTest" tests="2" skipped="0" failures="0" errors="0" timestamp="2025-07-19T03:14:21.868Z" hostname="AD03140581ui-MacStudio.local" time="0.098">
  <properties/>
  <testcase name="POST create product returns created product()" classname="com.inamoo.backend.presentation.product.ProductControllerTest" time="0.093"/>
  <testcase name="GET all products returns list()" classname="com.inamoo.backend.presentation.product.ProductControllerTest" time="0.004"/>
  <system-out><![CDATA[2025-07-19T12:14:21.670+09:00  INFO 16367 --- [    Test worker] t.c.s.AnnotationConfigContextLoaderUtils : Could not detect default configuration classes for test class [com.inamoo.backend.presentation.product.ProductControllerTest]: ProductControllerTest does not declare any static, non-private, non-final, nested classes annotated with @Configuration.
2025-07-19T12:14:21.680+09:00  INFO 16367 --- [    Test worker] .b.t.c.SpringBootTestContextBootstrapper : Found @SpringBootConfiguration com.inamoo.backend.Application for test class com.inamoo.backend.presentation.product.ProductControllerTest
  .   ____          _            __ _ _
 /\\ / ___'_ __ _ _(_)_ __  __ _ \ \ \ \
( ( )\___ | '_ | '_| | '_ \/ _` | \ \ \ \
 \\/  ___)| |_)| | | | | || (_| |  ) ) ) )
  '  |____| .__|_| |_|_| |_\__, | / / / /
 =========|_|==============|___/=/_/_/_/

 :: Spring Boot ::                (v3.3.0)

2025-07-19T12:14:21.689+09:00  INFO 16367 --- [    Test worker] c.i.b.p.product.ProductControllerTest    : Starting ProductControllerTest using Java 17.0.15 with PID 16367 (started by ad03140581 in /Users/ad03140581/VsCodeProjects/inamoo/backend)
2025-07-19T12:14:21.689+09:00  INFO 16367 --- [    Test worker] c.i.b.p.product.ProductControllerTest    : No active profile set, falling back to 1 default profile: "default"
2025-07-19T12:14:21.855+09:00  INFO 16367 --- [    Test worker] o.s.b.t.m.w.SpringBootMockServletContext : Initializing Spring TestDispatcherServlet ''
2025-07-19T12:14:21.855+09:00  INFO 16367 --- [    Test worker] o.s.t.web.servlet.TestDispatcherServlet  : Initializing Servlet ''
2025-07-19T12:14:21.856+09:00  INFO 16367 --- [    Test worker] o.s.t.web.servlet.TestDispatcherServlet  : Completed initialization in 0 ms
2025-07-19T12:14:21.863+09:00  INFO 16367 --- [    Test worker] c.i.b.p.product.ProductControllerTest    : Started ProductControllerTest in 0.181 seconds (process running for 2.14)
]]></system-out>
  <system-err><![CDATA[]]></system-err>
</testsuite>
