<?xml version="1.0" encoding="UTF-8"?>
<testsuite name="com.inamoo.backend.presentation.user.UserControllerTest" tests="1" skipped="0" failures="0" errors="0" timestamp="2025-07-19T03:14:22.355Z" hostname="AD03140581ui-MacStudio.local" time="0.116">
  <properties/>
  <testcase name="개인정보 수정 성공()" classname="com.inamoo.backend.presentation.user.UserControllerTest" time="0.116"/>
  <system-out><![CDATA[2025-07-19T12:14:21.971+09:00  INFO 16367 --- [    Test worker] t.c.s.AnnotationConfigContextLoaderUtils : Could not detect default configuration classes for test class [com.inamoo.backend.presentation.user.UserControllerTest]: UserControllerTest does not declare any static, non-private, non-final, nested classes annotated with @Configuration.
2025-07-19T12:14:21.981+09:00  INFO 16367 --- [    Test worker] .b.t.c.SpringBootTestContextBootstrapper : Found @SpringBootConfiguration com.inamoo.backend.Application for test class com.inamoo.backend.presentation.user.UserControllerTest
  .   ____          _            __ _ _
 /\\ / ___'_ __ _ _(_)_ __  __ _ \ \ \ \
( ( )\___ | '_ | '_| | '_ \/ _` | \ \ \ \
 \\/  ___)| |_)| | | | | || (_| |  ) ) ) )
  '  |____| .__|_| |_|_| |_\__, | / / / /
 =========|_|==============|___/=/_/_/_/

 :: Spring Boot ::                (v3.3.0)

2025-07-19T12:14:21.998+09:00  INFO 16367 --- [    Test worker] c.i.b.p.user.UserControllerTest          : Starting UserControllerTest using Java 17.0.15 with PID 16367 (started by ad03140581 in /Users/ad03140581/VsCodeProjects/inamoo/backend)
2025-07-19T12:14:21.998+09:00  INFO 16367 --- [    Test worker] c.i.b.p.user.UserControllerTest          : No active profile set, falling back to 1 default profile: "default"
2025-07-19T12:14:22.113+09:00  INFO 16367 --- [    Test worker] .s.d.r.c.RepositoryConfigurationDelegate : Bootstrapping Spring Data JPA repositories in DEFAULT mode.
2025-07-19T12:14:22.122+09:00  INFO 16367 --- [    Test worker] .s.d.r.c.RepositoryConfigurationDelegate : Finished Spring Data repository scanning in 9 ms. Found 2 JPA repository interfaces.
2025-07-19T12:14:22.182+09:00  INFO 16367 --- [    Test worker] o.hibernate.jpa.internal.util.LogHelper  : HHH000204: Processing PersistenceUnitInfo [name: default]
2025-07-19T12:14:22.185+09:00  INFO 16367 --- [    Test worker] o.h.c.internal.RegionFactoryInitiator    : HHH000026: Second-level cache disabled
2025-07-19T12:14:22.193+09:00  INFO 16367 --- [    Test worker] o.s.o.j.p.SpringPersistenceUnitInfo      : No LoadTimeWeaver setup: ignoring JPA class transformer
2025-07-19T12:14:22.193+09:00  INFO 16367 --- [    Test worker] com.zaxxer.hikari.HikariDataSource       : HikariPool-2 - Starting...
2025-07-19T12:14:22.194+09:00  INFO 16367 --- [    Test worker] com.zaxxer.hikari.pool.HikariPool        : HikariPool-2 - Added connection conn10: url=jdbc:h2:mem:testdb user=SA
2025-07-19T12:14:22.194+09:00  INFO 16367 --- [    Test worker] com.zaxxer.hikari.HikariDataSource       : HikariPool-2 - Start completed.
2025-07-19T12:14:22.194+09:00  WARN 16367 --- [    Test worker] org.hibernate.orm.deprecation            : HHH90000025: H2Dialect does not need to be specified explicitly using 'hibernate.dialect' (remove the property setting and it will be selected by default)
2025-07-19T12:14:22.216+09:00  INFO 16367 --- [    Test worker] o.h.e.t.j.p.i.JtaPlatformInitiator       : HHH000489: No JTA platform available (set 'hibernate.transaction.jta.platform' to enable JTA platform integration)
2025-07-19T12:14:22.220+09:00  INFO 16367 --- [    Test worker] j.LocalContainerEntityManagerFactoryBean : Initialized JPA EntityManagerFactory for persistence unit 'default'
2025-07-19T12:14:22.271+09:00  WARN 16367 --- [    Test worker] JpaBaseConfiguration$JpaWebConfiguration : spring.jpa.open-in-view is enabled by default. Therefore, database queries may be performed during view rendering. Explicitly configure spring.jpa.open-in-view to disable this warning
2025-07-19T12:14:22.349+09:00  INFO 16367 --- [    Test worker] o.s.b.t.m.w.SpringBootMockServletContext : Initializing Spring TestDispatcherServlet ''
2025-07-19T12:14:22.349+09:00  INFO 16367 --- [    Test worker] o.s.t.web.servlet.TestDispatcherServlet  : Initializing Servlet ''
2025-07-19T12:14:22.349+09:00  INFO 16367 --- [    Test worker] o.s.t.web.servlet.TestDispatcherServlet  : Completed initialization in 0 ms
2025-07-19T12:14:22.354+09:00  INFO 16367 --- [    Test worker] c.i.b.p.user.UserControllerTest          : Started UserControllerTest in 0.371 seconds (process running for 2.632)
]]></system-out>
  <system-err><![CDATA[]]></system-err>
</testsuite>
